<?xml version="1.0" encoding="UTF-8"?>
<!-- Generated by org.testng.reporters.JUnitReportReporter -->
<testsuite hostname="DESKTOP-RHOKNN5" failures="0" tests="1" name="HelloWordTest.HelloPrintTest" time="0.014" errors="0" timestamp="2022-09-16T20:47:36 IST" skipped="0">
  <testcase classname="HelloWordTest.HelloPrintTest" name="helloTest" time="0.014"/>
  <system-out/>
</testsuite> <!-- HelloWordTest.HelloPrintTest -->
